Performing C SOURCE FILE Test CMAKE_HAVE_LIBC_PTHREAD failed with the following output:
Change Dir: /home/pc/catkin_ws/build/CMakeFiles/CMakeTmp

Run Build Command(s):/usr/bin/make -f Makefile cmTC_cd4c4/fast && /usr/bin/make  -f CMakeFiles/cmTC_cd4c4.dir/build.make CMakeFiles/cmTC_cd4c4.dir/build
make[1]: Entering directory '/home/pc/catkin_ws/build/CMakeFiles/CMakeTmp'
Building C object CMakeFiles/cmTC_cd4c4.dir/src.c.o
/usr/bin/cc -DCMAKE_HAVE_LIBC_PTHREAD   -o CMakeFiles/cmTC_cd4c4.dir/src.c.o -c /home/pc/catkin_ws/build/CMakeFiles/CMakeTmp/src.c
Linking C executable cmTC_cd4c4
/home/pc/.local/lib/python3.6/site-packages/cmake/data/bin/cmake -E cmake_link_script CMakeFiles/cmTC_cd4c4.dir/link.txt --verbose=1
/usr/bin/cc -rdynamic CMakeFiles/cmTC_cd4c4.dir/src.c.o -o cmTC_cd4c4 
CMakeFiles/cmTC_cd4c4.dir/src.c.o: In function `main':
src.c:(.text+0x3e): undefined reference to `pthread_create'
src.c:(.text+0x4a): undefined reference to `pthread_detach'
src.c:(.text+0x56): undefined reference to `pthread_cancel'
src.c:(.text+0x67): undefined reference to `pthread_join'
src.c:(.text+0x7b): undefined reference to `pthread_atfork'
collect2: error: ld returned 1 exit status
CMakeFiles/cmTC_cd4c4.dir/build.make:98: recipe for target 'cmTC_cd4c4' failed
make[1]: *** [cmTC_cd4c4] Error 1
make[1]: Leaving directory '/home/pc/catkin_ws/build/CMakeFiles/CMakeTmp'
Makefile:127: recipe for target 'cmTC_cd4c4/fast' failed
make: *** [cmTC_cd4c4/fast] Error 2


Source file was:
#include <pthread.h>

static void* test_func(void* data)
{
  return data;
}

int main(void)
{
  pthread_t thread;
  pthread_create(&thread, NULL, test_func, NULL);
  pthread_detach(thread);
  pthread_cancel(thread);
  pthread_join(thread, NULL);
  pthread_atfork(NULL, NULL, NULL);
  pthread_exit(NULL);

  return 0;
}

Determining if the function pthread_create exists in the pthreads failed with the following output:
Change Dir: /home/pc/catkin_ws/build/CMakeFiles/CMakeTmp

Run Build Command(s):/usr/bin/make -f Makefile cmTC_0dbef/fast && /usr/bin/make  -f CMakeFiles/cmTC_0dbef.dir/build.make CMakeFiles/cmTC_0dbef.dir/build
make[1]: Entering directory '/home/pc/catkin_ws/build/CMakeFiles/CMakeTmp'
Building C object CMakeFiles/cmTC_0dbef.dir/CheckFunctionExists.c.o
/usr/bin/cc   -DCHECK_FUNCTION_EXISTS=pthread_create -o CMakeFiles/cmTC_0dbef.dir/CheckFunctionExists.c.o -c /home/pc/.local/lib/python3.6/site-packages/cmake/data/share/cmake-3.22/Modules/CheckFunctionExists.c
Linking C executable cmTC_0dbef
/home/pc/.local/lib/python3.6/site-packages/cmake/data/bin/cmake -E cmake_link_script CMakeFiles/cmTC_0dbef.dir/link.txt --verbose=1
/usr/bin/cc  -DCHECK_FUNCTION_EXISTS=pthread_create -rdynamic CMakeFiles/cmTC_0dbef.dir/CheckFunctionExists.c.o -o cmTC_0dbef  -lpthreads 
/usr/bin/ld: cannot find -lpthreads
collect2: error: ld returned 1 exit status
CMakeFiles/cmTC_0dbef.dir/build.make:98: recipe for target 'cmTC_0dbef' failed
make[1]: *** [cmTC_0dbef] Error 1
make[1]: Leaving directory '/home/pc/catkin_ws/build/CMakeFiles/CMakeTmp'
Makefile:127: recipe for target 'cmTC_0dbef/fast' failed
make: *** [cmTC_0dbef/fast] Error 2



Determining if the function sgemm_ exists failed with the following output:
Change Dir: /home/pc/catkin_ws/build/CMakeFiles/CMakeTmp

Run Build Command(s):/usr/bin/make -f Makefile cmTC_bb68f/fast && /usr/bin/make  -f CMakeFiles/cmTC_bb68f.dir/build.make CMakeFiles/cmTC_bb68f.dir/build
make[1]: Entering directory '/home/pc/catkin_ws/build/CMakeFiles/CMakeTmp'
Building C object CMakeFiles/cmTC_bb68f.dir/CheckFunctionExists.c.o
/usr/bin/cc   -DCHECK_FUNCTION_EXISTS=sgemm_ -o CMakeFiles/cmTC_bb68f.dir/CheckFunctionExists.c.o -c /home/pc/.local/lib/python3.6/site-packages/cmake/data/share/cmake-3.22/Modules/CheckFunctionExists.c
Linking C executable cmTC_bb68f
/home/pc/.local/lib/python3.6/site-packages/cmake/data/bin/cmake -E cmake_link_script CMakeFiles/cmTC_bb68f.dir/link.txt --verbose=1
/usr/bin/cc  -DCHECK_FUNCTION_EXISTS=sgemm_ CMakeFiles/cmTC_bb68f.dir/CheckFunctionExists.c.o -o cmTC_bb68f 
CMakeFiles/cmTC_bb68f.dir/CheckFunctionExists.c.o: In function `main':
CheckFunctionExists.c:(.text+0x10): undefined reference to `sgemm_'
collect2: error: ld returned 1 exit status
CMakeFiles/cmTC_bb68f.dir/build.make:98: recipe for target 'cmTC_bb68f' failed
make[1]: *** [cmTC_bb68f] Error 1
make[1]: Leaving directory '/home/pc/catkin_ws/build/CMakeFiles/CMakeTmp'
Makefile:127: recipe for target 'cmTC_bb68f/fast' failed
make: *** [cmTC_bb68f/fast] Error 2



